<?xml version="1.0" encoding="UTF-8"?>
<!-- Generated by org.testng.reporters.JUnitReportReporter -->
<testsuite hostname="PTD23414" name="com.trinity.test.LoginTest" tests="2" failures="0" timestamp="20 Nov 2018 10:02:11 GMT" time="56.207" errors="0">
  <testcase name="testLoginSuccess" time="35.742" classname="com.trinity.test.LoginTest"/>
  <testcase name="testLoginSuccess" time="20.465" classname="com.trinity.test.LoginTest"/>
</testsuite> <!-- com.trinity.test.LoginTest -->
